0 info it worked if it ends with ok
1 verbose cli [ 'node',
1 verbose cli   '/usr/local/bin/npm',
1 verbose cli   'install',
1 verbose cli   '-g',
1 verbose cli   'generator-galvanize-html' ]
2 info using npm@2.12.1
3 info using node@v0.12.6
4 verbose node symlink /usr/local/bin/node
5 verbose install initial load of /usr/local/lib/package.json
6 verbose readDependencies loading dependencies from /usr/local/lib/package.json
7 silly cache add args [ 'generator-galvanize-html', null ]
8 verbose cache add spec generator-galvanize-html
9 silly cache add parsed spec { raw: 'generator-galvanize-html',
9 silly cache add   scope: null,
9 silly cache add   name: 'generator-galvanize-html',
9 silly cache add   rawSpec: '',
9 silly cache add   spec: '*',
9 silly cache add   type: 'range' }
10 silly addNamed generator-galvanize-html@*
11 verbose addNamed "*" is a valid semver range for generator-galvanize-html
12 silly addNameRange { name: 'generator-galvanize-html', range: '*', hasData: false }
13 silly mapToRegistry name generator-galvanize-html
14 silly mapToRegistry using default registry
15 silly mapToRegistry registry https://registry.npmjs.org/
16 silly mapToRegistry uri https://registry.npmjs.org/generator-galvanize-html
17 verbose addNameRange registry:https://registry.npmjs.org/generator-galvanize-html not in flight; fetching
18 verbose request uri https://registry.npmjs.org/generator-galvanize-html
19 verbose request no auth needed
20 info attempt registry request try #1 at 09:13:05
21 verbose request id 2c9b20755dd55ec8
22 http request GET https://registry.npmjs.org/generator-galvanize-html
23 http 404 https://registry.npmjs.org/generator-galvanize-html
24 verbose headers { server: 'CouchDB/1.5.0 (Erlang OTP/R16B03)',
24 verbose headers   'content-type': 'application/json',
24 verbose headers   'cache-control': 'max-age=0',
24 verbose headers   'content-length': '51',
24 verbose headers   'accept-ranges': 'bytes',
24 verbose headers   date: 'Mon, 27 Jul 2015 15:13:06 GMT',
24 verbose headers   via: '1.1 varnish',
24 verbose headers   connection: 'keep-alive',
24 verbose headers   'x-served-by': 'cache-dfw1831-DFW',
24 verbose headers   'x-cache': 'MISS',
24 verbose headers   'x-cache-hits': '0',
24 verbose headers   'x-timer': 'S1438009986.383101,VS0,VE69' }
25 silly get cb [ 404,
25 silly get   { server: 'CouchDB/1.5.0 (Erlang OTP/R16B03)',
25 silly get     'content-type': 'application/json',
25 silly get     'cache-control': 'max-age=0',
25 silly get     'content-length': '51',
25 silly get     'accept-ranges': 'bytes',
25 silly get     date: 'Mon, 27 Jul 2015 15:13:06 GMT',
25 silly get     via: '1.1 varnish',
25 silly get     connection: 'keep-alive',
25 silly get     'x-served-by': 'cache-dfw1831-DFW',
25 silly get     'x-cache': 'MISS',
25 silly get     'x-cache-hits': '0',
25 silly get     'x-timer': 'S1438009986.383101,VS0,VE69' } ]
26 verbose stack Error: 404 Not Found: generator-galvanize-html
26 verbose stack     at CachingRegistryClient.<anonymous> (/usr/local/lib/node_modules/npm/node_modules/npm-registry-client/lib/request.js:245:14)
26 verbose stack     at Request._callback (/usr/local/lib/node_modules/npm/node_modules/npm-registry-client/lib/request.js:170:14)
26 verbose stack     at Request.self.callback (/usr/local/lib/node_modules/npm/node_modules/request/request.js:197:22)
26 verbose stack     at Request.emit (events.js:110:17)
26 verbose stack     at Request.<anonymous> (/usr/local/lib/node_modules/npm/node_modules/request/request.js:1050:14)
26 verbose stack     at Request.emit (events.js:129:20)
26 verbose stack     at IncomingMessage.<anonymous> (/usr/local/lib/node_modules/npm/node_modules/request/request.js:996:12)
26 verbose stack     at IncomingMessage.emit (events.js:129:20)
26 verbose stack     at _stream_readable.js:908:16
26 verbose stack     at process._tickCallback (node.js:355:11)
27 verbose statusCode 404
28 verbose pkgid generator-galvanize-html
29 verbose cwd /Users/LVC/Repos/Galvanize/CSS/css-exercises/001-Height
30 error Darwin 14.4.0
31 error argv "node" "/usr/local/bin/npm" "install" "-g" "generator-galvanize-html"
32 error node v0.12.6
33 error npm  v2.12.1
34 error code E404
35 error 404 Not Found: generator-galvanize-html
35 error 404
35 error 404 'generator-galvanize-html' is not in the npm registry.
35 error 404 You should bug the author to publish it (or use the name yourself!)
35 error 404
35 error 404 Note that you can also install from a
35 error 404 tarball, folder, http url, or git url.
36 verbose exit [ 1, true ]
